<?xml version="1.0"?>
<!DOCTYPE coverage SYSTEM "http://cobertura.sourceforge.net/xml/coverage-04.dtd">
<coverage 
line-rate="0.86" lines-valid="7" lines-covered="6" branches-valid="0" branches-covered="0" branch-rate="1.00" complexity="0" version="1.0" timestamp="1517920848550">
    <sources>
        <source>--source</source>
        <source>/home/knoldus/IdeaProjects/scalatest-knolkart/checkout/src/main/scala</source>
    </sources>
    <packages>
        <package name="edu.knoldus.services" line-rate="0.86" branch-rate="1.00" complexity="0">
            <classes>
                <class 
                name="edu.knoldus.services.CheckoutService" filename="edu/knoldus/services/CheckoutService.scala" line-rate="0.86" branch-rate="1.00" complexity="0">
                    <methods>
                        <method 
                        name="edu.knoldus.services/CheckoutService/addItemToCart" signature="()V" line-rate="1.00" branch-rate="1.00" complexity="0">
                            <lines>
                                <line number="12" hits="1" branch="false"/>
                                <line number="12" hits="1" branch="false"/>
                                <line number="11" hits="1" branch="false"/>
                            </lines>
</method>
                        <method 
                        name="edu.knoldus.services/CheckoutService/removeItemFromCart" signature="()V" line-rate="0.75" branch-rate="1.00" complexity="0">
                            <lines>
                                <line number="18" hits="1" branch="false"/>
                                <line number="18" hits="0" branch="false"/>
                                <line number="17" hits="1" branch="false"/>
                                <line number="18" hits="1" branch="false"/>
                            </lines>
</method>
                    </methods>
                    <lines>
                        <line number="12" hits="1" branch="false"/>
                        <line number="18" hits="1" branch="false"/>
                        <line number="18" hits="0" branch="false"/>
                        <line number="17" hits="1" branch="false"/>
                        <line number="12" hits="1" branch="false"/>
                        <line number="11" hits="1" branch="false"/>
                        <line number="18" hits="1" branch="false"/>
                    </lines>
</class>
            </classes>
        </package>
    </packages>
</coverage>
